35222149
35223909
35226015
35233705
35237518
35237651
35237903
35047440
35246602
35240492
35242200
35241914
35246479
35248091
26552024
35216973
30594710
35215338
35249433
35249641
35250097
35250252
35250375
35250532
35251154
34618633
33616055
35223126
28525248
35224740
35226304
35230347
34182205
35241170
35044493
35248948
35212515
35249685
35249840
35249801
35250567
35250656
35251270
35224506
35229453
34867799
35210701
35242483
35245203
35047048
35152865
35249708
35182240
33382396
35217580
35225193
35227920
35232349
35196915
35249876
35250771
35251023
35213347
35222629
33429068
35233244
35219431
35244097
35247237
35247771
34725211
35231382
35244874
34291244
35248542
29132336
35251616
34657337
35171731
35250000
35218460
35172506
34862696
35221704
35244530
35249515
35251811
35222027
35124341
35220925
35219363
34996398
35182479
35225915
35249629
35233962
35221092
34509467
35221633
35252145
35220099
33642645
35107972
35062853
35255245
35262118
35262659
35267670
35270215
35270779
35272222
35273438
35274670
35197369
35276325
35276396
35253235
35254457
35257474
35264462
35266673
34001437
35272553
35273001
35015002
35273518
35273558
35273824
35273883
35013937
35274908
35275658
34896499
35276510
35252494
35171764
35254330
35254476
35274361
35275213
35275391
35275431
35275461
35275648
35276151
35252135
35253964
35269482
35272655
35275137
35252774
35269493
35270217
34381465
35272760
35273642
35273918
34444757
35255191
35261403
35263613
35267169
34570426
35276018
35276024
35272125
35128455
35275449
35275546
35128870
35150037
35147086
35262237
35266921
35271387
35274736
35196837
35267650
35261363
35252633
29393515
35274631
35068109
34704361
35210429
34658166
35276752
35277646
35278781
35282498
33026289
35293384
35293813
35295927
35297725
35298242
34679530
35298224
35298442
35298975
34292905
35171210
35146191
34995109
35279164
35220450
35280491
35285665
35291826
35292214
35296788
35297458
35297785
35298185
35298337
35144348
35283664
35293696
35294890
35181419
35065178
35298018
35298410
35299014
35279083
35279731
35286045
35292497
35296835
35297153
35297421
35297981
35298576
34953855
35299388
35278153
35277767
35279072
30128261
35291859
35214178
35296131
35195176
35298217
35298367
35298498
35298774
34767804
28585081
35280759
35281865
35295807
35297423
35298651
35298802
35298911
35278290
31120504
35296122
34613955
35086983
35296265
35287378
34609358
35173406
35048118
35296415
35277464
35195895
35299949
35300299
35301333
35301822
34790449
35307183
35308914
35309082
35162911
35313473
35315587
32613753
33946150
35317881
35318908
35319122
35321180
35321755
35322072
35322221
35322117
35322872
29123795
35300732
35301089
35302265
35305108
35309778
35314622
35318747
35320713
35320894
35321462
35322269
35322714
35323414
35323495
35300364
35304604
35315428
35317106
35319777
35320703
34809532
35322695
35323459
35323444
35323612
35323947
35302042
35309299
32520302
35321829
35315244
35322388
35324458
32882957
35301463
35303045
34847887
35319371
35319933
34282718
29624516
35323278
34700806
35196863
35311466
35137915
35315689
35315727
34869846
35321023
34385897
35301540
34981597
34526101
35317973
35318025
34969681
35319816
35322130
35322342
32403269
35299968
35317632
35321850
35323611
35324208
35318877
34240789
35321892
35322444
35306532
33570214
35172071
35310263
35013416
34685227
35319524
34922918
27917322
35301073
35170656
35324780
35325128
35325081
26555249
35327493
34725029
35338336
35340943
35342782
35344557
35347152
35348610
35348021
33649831
35348929
35349207
35349794
35349864
35350586
35350697
35351139
35351449
35351716
35351837
35163662
33910065
35327437
35331626
35333000
35340702
34263388
35341963
35342255
35190956
35343009
35344150
35345931
35346656
35346527
35348005
35348695
35348838
35349017
35349183
35349703
35349911
35350860
35350738
35351371
34266988
35351633
34659279
35351798
35351935
35329331
35329720
35331278
35333785
35338223
35340848
35345146
35347239
35347575
35347650
35347707
35348992
35349089
34357164
35217960
35325824
35336212
35338644
35347800
35348078
35351467
35349185
35349300
35349665
34553067
35350851
35351461
35007786
33551899
35346497
35349273
35349992
33055938
34800168
35350617
35351557
35327501
35337196
35150588
35349125
35350460
35350650
35351805
35345816
35349172
34445394
35349781
34265243
34965588
35346285
35349073
35350132
35351011
35351338
35351968
33784005
35338250
30962523
35349930
35328837
35329315
35220681
35348935
35325122
35330169
35339650
34655258
35349250
35349539
35351863
34869606
33429617
33949466
35377834
33496595
33975545
34564153
35174625
34747661
31882304
35074905
34402130
34265174
35366451
35370618
35371898
35372092
35372305
35372999
35372886
35374599
35375788
34767996
35376916
34177042
34660436
35377793
35378656
35378973
34660826
35379391
35379654
35379530
35379620
35380214
35366530
35373088
35376454
35376485
35376243
35379255
35378853
35379248
34752699
35372020
35376590
35377611
35376414
35378848
35379008
35379020
35379401
35100653
35368501
35371545
35374224
35376189
35377665
35378268
35379832
35380224
35373926
35373934
35375017
35376853
35378925
35105729
35379162
35379211
35000124
35378072
35067909
35378422
35365547
35378678
35379497
35379508
35376919
35378333
35371186
35376796
